2025-04-23 16:02:08,850 - INFO - فایل‌ها با موفقیت ساخته شدند!
2025-04-23 16:02:08,850 - INFO - ✅ پردازش با موفقیت انجام شد!
2025-04-27 14:17:05,015 - INFO - فایل‌ها با موفقیت ساخته شدند!
2025-04-27 14:17:05,015 - INFO - ✅ پردازش با موفقیت انجام شد!
2025-04-27 14:17:22,055 - INFO - فایل‌ها با موفقیت ساخته شدند!
2025-04-27 14:17:22,055 - INFO - ✅ پردازش با موفقیت انجام شد!
2025-04-29 16:04:20,863 - INFO - فایل‌ها با موفقیت ساخته شدند!
2025-04-29 16:04:20,863 - INFO - ✅ پردازش با موفقیت انجام شد!
2025-04-29 16:30:50,715 - INFO - فایل‌ها با موفقیت ساخته شدند!
2025-04-29 16:30:50,715 - INFO - ✅ پردازش با موفقیت انجام شد!
2025-05-04 05:09:33,139 - INFO - فایل‌ها با موفقیت ساخته شدند!
2025-05-04 05:09:33,139 - INFO - ✅ پردازش با موفقیت انجام شد!
2025-05-04 06:47:24,351 - INFO - فایل‌ها با موفقیت ساخته شدند!
2025-05-04 06:47:24,351 - INFO - ✅ پردازش با موفقیت انجام شد!
2025-05-06 06:39:07,106 - INFO - فایل‌ها با موفقیت ساخته شدند!
2025-05-06 06:39:07,106 - INFO - ✅ پردازش با موفقیت انجام شد!
2025-05-07 20:37:13,617 - INFO - فایل‌ها با موفقیت ساخته شدند!
2025-05-07 20:37:13,617 - INFO - ✅ پردازش با موفقیت انجام شد!
2025-05-08 06:44:55,540 - INFO - فایل‌ها با موفقیت ساخته شدند!
2025-05-08 06:44:55,540 - INFO - ✅ پردازش با موفقیت انجام شد!
2025-05-08 07:03:39,038 - INFO - فایل‌ها با موفقیت ساخته شدند!
2025-05-08 07:03:39,038 - INFO - ✅ پردازش با موفقیت انجام شد!
2025-05-20 22:32:52,099 - INFO - فایل‌ها با موفقیت ساخته شدند!
2025-05-20 22:32:52,099 - INFO - ✅ پردازش با موفقیت انجام شد!
2025-05-28 19:45:02,407 - INFO - فایل‌ها با موفقیت ساخته شدند!
2025-05-28 19:45:02,407 - INFO - ✅ پردازش با موفقیت انجام شد!
2025-06-10 17:44:16,972 - INFO - فایل‌ها با موفقیت ساخته شدند!
2025-06-10 17:44:16,972 - INFO - ✅ پردازش با موفقیت انجام شد!
2025-07-06 23:23:34,637 - INFO - فایل‌ها با موفقیت ساخته شدند!
2025-07-06 23:23:34,637 - INFO - ✅ پردازش با موفقیت انجام شد!
2025-07-22 22:14:44,535 - INFO - فایل‌ها با موفقیت ساخته شدند!
2025-07-22 22:14:44,535 - INFO - ✅ پردازش با موفقیت انجام شد!
2025-08-22 03:14:27,167 - INFO - فایل‌ها با موفقیت ساخته شدند!
2025-08-22 03:14:27,167 - INFO - ✅ پردازش با موفقیت انجام شد!
2025-08-22 03:42:45,657 - INFO - فایل‌ها با موفقیت ساخته شدند!
2025-08-22 03:42:45,657 - INFO - ✅ پردازش با موفقیت انجام شد!
2025-08-22 04:06:14,902 - INFO - فایل‌ها با موفقیت ساخته شدند!
2025-08-22 04:06:14,903 - INFO - ✅ پردازش با موفقیت انجام شد!
2025-08-22 04:11:58,646 - INFO - فایل‌ها با موفقیت ساخته شدند!
2025-08-22 04:11:58,646 - INFO - ✅ پردازش با موفقیت انجام شد!
2025-08-22 18:18:01,940 - INFO - فایل‌ها با موفقیت ساخته شدند!
2025-08-22 18:18:01,940 - INFO - ✅ پردازش با موفقیت انجام شد!
2025-09-03 06:19:21,778 - INFO - فایل‌ها با موفقیت ساخته شدند!
2025-09-03 06:19:21,778 - INFO - ✅ پردازش با موفقیت انجام شد!
2025-09-06 09:49:47,972 - INFO - فایل‌ها با موفقیت ساخته شدند!
2025-09-06 09:49:47,972 - INFO - ✅ پردازش با موفقیت انجام شد!
2025-10-03 20:49:59,923 - INFO - فایل‌ها با موفقیت ساخته شدند!
2025-10-03 20:49:59,923 - INFO - ✅ پردازش با موفقیت انجام شد!
2025-10-03 21:11:26,964 - INFO - فایل‌ها با موفقیت ساخته شدند!
2025-10-03 21:11:26,964 - INFO - ✅ پردازش با موفقیت انجام شد!
2025-10-03 21:34:01,487 - INFO - فایل‌ها با موفقیت ساخته شدند!
2025-10-03 21:34:01,487 - INFO - ✅ پردازش با موفقیت انجام شد!
2025-10-03 21:49:33,856 - INFO - فایل‌ها با موفقیت ساخته شدند!
2025-10-03 21:49:33,856 - INFO - ✅ پردازش با موفقیت انجام شد!
2025-10-17 16:38:15,082 - INFO - فایل‌ها با موفقیت ساخته شدند!
2025-10-17 16:38:15,082 - INFO - ✅ پردازش با موفقیت انجام شد!
2025-12-13 15:55:59,190 - CRITICAL - ❌ خطا: [Errno 17] File exists: 'Sublist'
Traceback (most recent call last):
  File "/home/runner/work/MihomoSazLite/MihomoSazLite/update_sublist.py", line 156, in <module>
    processor.generate_configs()
  File "/home/runner/work/MihomoSazLite/MihomoSazLite/update_sublist.py", line 125, in generate_configs
    os.makedirs(self.output_dir, exist_ok=True)
  File "<frozen os>", line 225, in makedirs
FileExistsError: [Errno 17] File exists: 'Sublist'
2025-12-13 16:09:21,604 - ERROR - فایل Complex_URL_list.txt یافت نشد!
2025-12-13 16:09:21,604 - CRITICAL - ❌ خطا: [Errno 17] File exists: 'Sublist'
Traceback (most recent call last):
  File "/home/runner/work/MihomoSazLite/MihomoSazLite/update_sublist.py", line 156, in <module>
    processor.generate_configs()
  File "/home/runner/work/MihomoSazLite/MihomoSazLite/update_sublist.py", line 125, in generate_configs
    os.makedirs(self.output_dir, exist_ok=True)
  File "<frozen os>", line 225, in makedirs
FileExistsError: [Errno 17] File exists: 'Sublist'
2025-12-13 16:10:45,627 - CRITICAL - ❌ خطا: [Errno 17] File exists: 'Sublist'
Traceback (most recent call last):
  File "/home/runner/work/MihomoSazLite/MihomoSazLite/update_sublist.py", line 156, in <module>
    processor.generate_configs()
  File "/home/runner/work/MihomoSazLite/MihomoSazLite/update_sublist.py", line 125, in generate_configs
    os.makedirs(self.output_dir, exist_ok=True)
  File "<frozen os>", line 225, in makedirs
FileExistsError: [Errno 17] File exists: 'Sublist'
2025-12-13 16:11:22,764 - CRITICAL - ❌ خطا: [Errno 17] File exists: 'Sublist'
Traceback (most recent call last):
  File "/home/runner/work/MihomoSazLite/MihomoSazLite/update_sublist.py", line 156, in <module>
    processor.generate_configs()
  File "/home/runner/work/MihomoSazLite/MihomoSazLite/update_sublist.py", line 125, in generate_configs
    os.makedirs(self.output_dir, exist_ok=True)
  File "<frozen os>", line 225, in makedirs
FileExistsError: [Errno 17] File exists: 'Sublist'
2025-12-13 16:16:29,454 - INFO - فایل‌ها با موفقیت ساخته شدند!
2025-12-13 16:16:29,454 - INFO - ✅ پردازش با موفقیت انجام شد!
2025-12-13 16:22:48,205 - INFO - فایل‌ها با موفقیت ساخته شدند!
2025-12-13 16:22:48,205 - INFO - ✅ پردازش با موفقیت انجام شد!
2025-12-13 16:44:15,157 - INFO - فایل‌ها با موفقیت ساخته شدند!
2025-12-13 16:44:15,157 - INFO - ✅ پردازش با موفقیت انجام شد!
2025-12-13 16:55:23,320 - INFO - فایل‌ها با موفقیت ساخته شدند!
2025-12-13 16:55:23,320 - INFO - ✅ پردازش با موفقیت انجام شد!
2025-12-13 17:15:20,822 - INFO - فایل‌ها با موفقیت ساخته شدند!
2025-12-13 17:15:20,822 - INFO - ✅ پردازش با موفقیت انجام شد!
2025-12-13 17:32:20,307 - INFO - فایل‌ها با موفقیت ساخته شدند!
2025-12-13 17:32:20,307 - INFO - ✅ پردازش با موفقیت انجام شد!
2025-12-13 17:42:49,351 - INFO - فایل‌ها با موفقیت ساخته شدند!
2025-12-13 17:42:49,351 - INFO - ✅ پردازش با موفقیت انجام شد!
2025-12-13 17:52:16,421 - INFO - فایل‌ها با موفقیت ساخته شدند!
2025-12-13 17:52:16,422 - INFO - ✅ پردازش با موفقیت انجام شد!
2025-12-13 18:13:45,758 - INFO - فایل‌ها با موفقیت ساخته شدند!
2025-12-13 18:13:45,758 - INFO - ✅ پردازش با موفقیت انجام شد!
2025-12-13 18:42:40,098 - INFO - فایل‌ها با موفقیت ساخته شدند!
2025-12-13 18:42:40,098 - INFO - ✅ پردازش با موفقیت انجام شد!
2025-12-13 18:54:40,236 - INFO - فایل‌ها با موفقیت ساخته شدند!
2025-12-13 18:54:40,236 - INFO - ✅ پردازش با موفقیت انجام شد!
2025-12-13 19:12:05,264 - INFO - فایل‌ها با موفقیت ساخته شدند!
2025-12-13 19:12:05,264 - INFO - ✅ پردازش با موفقیت انجام شد!
2025-12-13 19:26:05,805 - INFO - فایل‌ها با موفقیت ساخته شدند!
2025-12-13 19:26:05,805 - INFO - ✅ پردازش با موفقیت انجام شد!
2025-12-13 19:36:54,090 - INFO - فایل‌ها با موفقیت ساخته شدند!
2025-12-13 19:36:54,090 - INFO - ✅ پردازش با موفقیت انجام شد!
2025-12-13 19:45:59,077 - INFO - فایل‌ها با موفقیت ساخته شدند!
2025-12-13 19:45:59,077 - INFO - ✅ پردازش با موفقیت انجام شد!
2025-12-13 19:55:03,511 - INFO - فایل‌ها با موفقیت ساخته شدند!
2025-12-13 19:55:03,511 - INFO - ✅ پردازش با موفقیت انجام شد!
2025-12-13 20:18:09,908 - INFO - فایل‌ها با موفقیت ساخته شدند!
2025-12-13 20:18:09,908 - INFO - ✅ پردازش با موفقیت انجام شد!
2025-12-13 20:36:30,622 - INFO - فایل‌ها با موفقیت ساخته شدند!
2025-12-13 20:36:30,622 - INFO - ✅ پردازش با موفقیت انجام شد!
2025-12-13 20:47:05,264 - INFO - فایل‌ها با موفقیت ساخته شدند!
2025-12-13 20:47:05,264 - INFO - ✅ پردازش با موفقیت انجام شد!
2025-12-13 20:55:58,586 - INFO - فایل‌ها با موفقیت ساخته شدند!
2025-12-13 20:55:58,586 - INFO - ✅ پردازش با موفقیت انجام شد!
2025-12-13 21:16:49,980 - INFO - فایل‌ها با موفقیت ساخته شدند!
2025-12-13 21:16:49,981 - INFO - ✅ پردازش با موفقیت انجام شد!
2025-12-13 21:30:52,848 - INFO - فایل‌ها با موفقیت ساخته شدند!
2025-12-13 21:30:52,848 - INFO - ✅ پردازش با موفقیت انجام شد!
2025-12-13 21:42:29,981 - INFO - فایل‌ها با موفقیت ساخته شدند!
2025-12-13 21:42:29,981 - INFO - ✅ پردازش با موفقیت انجام شد!
2025-12-13 21:51:57,816 - INFO - فایل‌ها با موفقیت ساخته شدند!
2025-12-13 21:51:57,816 - INFO - ✅ پردازش با موفقیت انجام شد!
2025-12-13 22:08:52,334 - INFO - فایل‌ها با موفقیت ساخته شدند!
2025-12-13 22:08:52,335 - INFO - ✅ پردازش با موفقیت انجام شد!
2025-12-13 22:32:17,406 - INFO - فایل‌ها با موفقیت ساخته شدند!
2025-12-13 22:32:17,407 - INFO - ✅ پردازش با موفقیت انجام شد!
2025-12-13 22:44:58,229 - INFO - فایل‌ها با موفقیت ساخته شدند!
2025-12-13 22:44:58,229 - INFO - ✅ پردازش با موفقیت انجام شد!
2025-12-13 22:54:11,781 - INFO - فایل‌ها با موفقیت ساخته شدند!
2025-12-13 22:54:11,781 - INFO - ✅ پردازش با موفقیت انجام شد!
2025-12-13 23:13:52,363 - INFO - فایل‌ها با موفقیت ساخته شدند!
2025-12-13 23:13:52,363 - INFO - ✅ پردازش با موفقیت انجام شد!
2025-12-13 23:30:44,975 - INFO - فایل‌ها با موفقیت ساخته شدند!
2025-12-13 23:30:44,975 - INFO - ✅ پردازش با موفقیت انجام شد!
2025-12-13 23:42:55,977 - INFO - فایل‌ها با موفقیت ساخته شدند!
2025-12-13 23:42:55,977 - INFO - ✅ پردازش با موفقیت انجام شد!
2025-12-13 23:52:30,467 - INFO - فایل‌ها با موفقیت ساخته شدند!
2025-12-13 23:52:30,467 - INFO - ✅ پردازش با موفقیت انجام شد!
2025-12-14 00:58:55,694 - INFO - فایل‌ها با موفقیت ساخته شدند!
2025-12-14 00:58:55,694 - INFO - ✅ پردازش با موفقیت انجام شد!
2025-12-14 03:00:20,598 - INFO - فایل‌ها با موفقیت ساخته شدند!
2025-12-14 03:00:20,598 - INFO - ✅ پردازش با موفقیت انجام شد!
2025-12-14 04:03:36,634 - INFO - فایل‌ها با موفقیت ساخته شدند!
2025-12-14 04:03:36,634 - INFO - ✅ پردازش با موفقیت انجام شد!
2025-12-14 04:43:31,097 - INFO - فایل‌ها با موفقیت ساخته شدند!
2025-12-14 04:43:31,097 - INFO - ✅ پردازش با موفقیت انجام شد!
2025-12-14 04:59:40,839 - INFO - فایل‌ها با موفقیت ساخته شدند!
2025-12-14 04:59:40,839 - INFO - ✅ پردازش با موفقیت انجام شد!
2025-12-14 05:28:34,627 - INFO - فایل‌ها با موفقیت ساخته شدند!
2025-12-14 05:28:34,627 - INFO - ✅ پردازش با موفقیت انجام شد!
2025-12-14 05:44:27,790 - INFO - فایل‌ها با موفقیت ساخته شدند!
2025-12-14 05:44:27,790 - INFO - ✅ پردازش با موفقیت انجام شد!
2025-12-14 05:53:49,989 - INFO - فایل‌ها با موفقیت ساخته شدند!
2025-12-14 05:53:49,989 - INFO - ✅ پردازش با موفقیت انجام شد!
2025-12-14 06:21:01,848 - INFO - فایل‌ها با موفقیت ساخته شدند!
2025-12-14 06:21:01,849 - INFO - ✅ پردازش با موفقیت انجام شد!
2025-12-14 06:48:22,461 - INFO - فایل‌ها با موفقیت ساخته شدند!
2025-12-14 06:48:22,461 - INFO - ✅ پردازش با موفقیت انجام شد!
2025-12-14 06:59:18,419 - INFO - فایل‌ها با موفقیت ساخته شدند!
2025-12-14 06:59:18,419 - INFO - ✅ پردازش با موفقیت انجام شد!
2025-12-14 07:25:59,559 - INFO - فایل‌ها با موفقیت ساخته شدند!
2025-12-14 07:25:59,560 - INFO - ✅ پردازش با موفقیت انجام شد!
2025-12-14 07:38:38,319 - INFO - فایل‌ها با موفقیت ساخته شدند!
2025-12-14 07:38:38,319 - INFO - ✅ پردازش با موفقیت انجام شد!
2025-12-14 07:47:54,169 - INFO - فایل‌ها با موفقیت ساخته شدند!
2025-12-14 07:47:54,170 - INFO - ✅ پردازش با موفقیت انجام شد!
2025-12-14 07:57:18,271 - INFO - فایل‌ها با موفقیت ساخته شدند!
2025-12-14 07:57:18,271 - INFO - ✅ پردازش با موفقیت انجام شد!
2025-12-14 08:28:49,874 - INFO - فایل‌ها با موفقیت ساخته شدند!
2025-12-14 08:28:49,874 - INFO - ✅ پردازش با موفقیت انجام شد!
2025-12-14 08:48:54,999 - INFO - فایل‌ها با موفقیت ساخته شدند!
2025-12-14 08:48:54,999 - INFO - ✅ پردازش با موفقیت انجام شد!
2025-12-14 08:58:06,895 - INFO - فایل‌ها با موفقیت ساخته شدند!
2025-12-14 08:58:06,895 - INFO - ✅ پردازش با موفقیت انجام شد!
2025-12-14 09:24:47,739 - INFO - فایل‌ها با موفقیت ساخته شدند!
2025-12-14 09:24:47,739 - INFO - ✅ پردازش با موفقیت انجام شد!
2025-12-14 09:39:08,079 - INFO - فایل‌ها با موفقیت ساخته شدند!
2025-12-14 09:39:08,079 - INFO - ✅ پردازش با موفقیت انجام شد!
2025-12-14 09:48:44,046 - INFO - فایل‌ها با موفقیت ساخته شدند!
2025-12-14 09:48:44,046 - INFO - ✅ پردازش با موفقیت انجام شد!
2025-12-14 09:57:40,804 - INFO - فایل‌ها با موفقیت ساخته شدند!
2025-12-14 09:57:40,805 - INFO - ✅ پردازش با موفقیت انجام شد!
2025-12-14 10:23:26,662 - INFO - فایل‌ها با موفقیت ساخته شدند!
2025-12-14 10:23:26,662 - INFO - ✅ پردازش با موفقیت انجام شد!
2025-12-14 10:41:24,293 - INFO - فایل‌ها با موفقیت ساخته شدند!
2025-12-14 10:41:24,293 - INFO - ✅ پردازش با موفقیت انجام شد!
2025-12-14 10:51:18,233 - INFO - فایل‌ها با موفقیت ساخته شدند!
2025-12-14 10:51:18,233 - INFO - ✅ پردازش با موفقیت انجام شد!
2025-12-14 11:00:09,482 - INFO - فایل‌ها با موفقیت ساخته شدند!
2025-12-14 11:00:09,482 - INFO - ✅ پردازش با موفقیت انجام شد!
2025-12-14 11:23:14,298 - INFO - فایل‌ها با موفقیت ساخته شدند!
2025-12-14 11:23:14,298 - INFO - ✅ پردازش با موفقیت انجام شد!
2025-12-14 11:33:57,899 - INFO - فایل‌ها با موفقیت ساخته شدند!
2025-12-14 11:33:57,899 - INFO - ✅ پردازش با موفقیت انجام شد!
2025-12-14 11:43:20,033 - INFO - فایل‌ها با موفقیت ساخته شدند!
2025-12-14 11:43:20,033 - INFO - ✅ پردازش با موفقیت انجام شد!
2025-12-14 11:52:35,975 - INFO - فایل‌ها با موفقیت ساخته شدند!
2025-12-14 11:52:35,975 - INFO - ✅ پردازش با موفقیت انجام شد!
2025-12-14 12:19:40,635 - INFO - فایل‌ها با موفقیت ساخته شدند!
2025-12-14 12:19:40,635 - INFO - ✅ پردازش با موفقیت انجام شد!
2025-12-14 13:00:41,626 - INFO - فایل‌ها با موفقیت ساخته شدند!
2025-12-14 13:00:41,626 - INFO - ✅ پردازش با موفقیت انجام شد!
2025-12-14 13:33:31,457 - INFO - فایل‌ها با موفقیت ساخته شدند!
2025-12-14 13:33:31,457 - INFO - ✅ پردازش با موفقیت انجام شد!
2025-12-14 13:46:44,060 - INFO - فایل‌ها با موفقیت ساخته شدند!
2025-12-14 13:46:44,060 - INFO - ✅ پردازش با موفقیت انجام شد!
2025-12-14 13:55:44,874 - INFO - فایل‌ها با موفقیت ساخته شدند!
2025-12-14 13:55:44,874 - INFO - ✅ پردازش با موفقیت انجام شد!
2025-12-14 14:16:54,634 - INFO - فایل‌ها با موفقیت ساخته شدند!
2025-12-14 14:16:54,634 - INFO - ✅ پردازش با موفقیت انجام شد!
2025-12-14 14:35:33,446 - INFO - فایل‌ها با موفقیت ساخته شدند!
2025-12-14 14:35:33,446 - INFO - ✅ پردازش با موفقیت انجام شد!
2025-12-14 14:46:30,253 - INFO - فایل‌ها با موفقیت ساخته شدند!
2025-12-14 14:46:30,253 - INFO - ✅ پردازش با موفقیت انجام شد!
2025-12-14 14:55:38,272 - INFO - فایل‌ها با موفقیت ساخته شدند!
2025-12-14 14:55:38,272 - INFO - ✅ پردازش با موفقیت انجام شد!
2025-12-14 15:17:24,400 - INFO - فایل‌ها با موفقیت ساخته شدند!
2025-12-14 15:17:24,400 - INFO - ✅ پردازش با موفقیت انجام شد!
2025-12-14 15:33:42,855 - INFO - فایل‌ها با موفقیت ساخته شدند!
2025-12-14 15:33:42,855 - INFO - ✅ پردازش با موفقیت انجام شد!
2025-12-14 15:44:39,791 - INFO - فایل‌ها با موفقیت ساخته شدند!
2025-12-14 15:44:39,791 - INFO - ✅ پردازش با موفقیت انجام شد!
2025-12-14 15:54:17,327 - INFO - فایل‌ها با موفقیت ساخته شدند!
2025-12-14 15:54:17,327 - INFO - ✅ پردازش با موفقیت انجام شد!
2025-12-14 16:17:17,716 - INFO - فایل‌ها با موفقیت ساخته شدند!
2025-12-14 16:17:17,716 - INFO - ✅ پردازش با موفقیت انجام شد!
2025-12-14 16:42:14,403 - INFO - فایل‌ها با موفقیت ساخته شدند!
2025-12-14 16:42:14,403 - INFO - ✅ پردازش با موفقیت انجام شد!
2025-12-14 16:54:32,993 - INFO - فایل‌ها با موفقیت ساخته شدند!
2025-12-14 16:54:32,993 - INFO - ✅ پردازش با موفقیت انجام شد!
2025-12-14 17:13:28,266 - INFO - فایل‌ها با موفقیت ساخته شدند!
2025-12-14 17:13:28,266 - INFO - ✅ پردازش با موفقیت انجام شد!
2025-12-14 17:31:44,125 - INFO - فایل‌ها با موفقیت ساخته شدند!
2025-12-14 17:31:44,125 - INFO - ✅ پردازش با موفقیت انجام شد!
2025-12-14 17:44:03,821 - INFO - فایل‌ها با موفقیت ساخته شدند!
2025-12-14 17:44:03,821 - INFO - ✅ پردازش با موفقیت انجام شد!
2025-12-14 17:53:11,288 - INFO - فایل‌ها با موفقیت ساخته شدند!
2025-12-14 17:53:11,288 - INFO - ✅ پردازش با موفقیت انجام شد!
2025-12-14 18:17:43,593 - INFO - فایل‌ها با موفقیت ساخته شدند!
2025-12-14 18:17:43,593 - INFO - ✅ پردازش با موفقیت انجام شد!
2025-12-14 18:44:43,782 - INFO - فایل‌ها با موفقیت ساخته شدند!
2025-12-14 18:44:43,782 - INFO - ✅ پردازش با موفقیت انجام شد!
2025-12-14 18:56:37,358 - INFO - فایل‌ها با موفقیت ساخته شدند!
2025-12-14 18:56:37,358 - INFO - ✅ پردازش با موفقیت انجام شد!
2025-12-14 19:16:12,072 - INFO - فایل‌ها با موفقیت ساخته شدند!
2025-12-14 19:16:12,072 - INFO - ✅ پردازش با موفقیت انجام شد!
2025-12-14 19:28:28,359 - INFO - فایل‌ها با موفقیت ساخته شدند!
2025-12-14 19:28:28,359 - INFO - ✅ پردازش با موفقیت انجام شد!
2025-12-14 19:39:28,246 - INFO - فایل‌ها با موفقیت ساخته شدند!
2025-12-14 19:39:28,246 - INFO - ✅ پردازش با موفقیت انجام شد!
2025-12-14 19:49:00,920 - INFO - فایل‌ها با موفقیت ساخته شدند!
2025-12-14 19:49:00,920 - INFO - ✅ پردازش با موفقیت انجام شد!
2025-12-14 19:58:23,705 - INFO - فایل‌ها با موفقیت ساخته شدند!
2025-12-14 19:58:23,706 - INFO - ✅ پردازش با موفقیت انجام شد!
2025-12-14 20:27:12,899 - INFO - فایل‌ها با موفقیت ساخته شدند!
2025-12-14 20:27:12,899 - INFO - ✅ پردازش با موفقیت انجام شد!
2025-12-14 20:42:45,473 - INFO - فایل‌ها با موفقیت ساخته شدند!
2025-12-14 20:42:45,474 - INFO - ✅ پردازش با موفقیت انجام شد!
2025-12-14 20:52:22,040 - INFO - فایل‌ها با موفقیت ساخته شدند!
2025-12-14 20:52:22,040 - INFO - ✅ پردازش با موفقیت انجام شد!
2025-12-14 21:09:34,064 - INFO - فایل‌ها با موفقیت ساخته شدند!
2025-12-14 21:09:34,064 - INFO - ✅ پردازش با موفقیت انجام شد!
2025-12-14 21:29:04,358 - INFO - فایل‌ها با موفقیت ساخته شدند!
2025-12-14 21:29:04,358 - INFO - ✅ پردازش با موفقیت انجام شد!
2025-12-14 21:41:11,490 - INFO - فایل‌ها با موفقیت ساخته شدند!
2025-12-14 21:41:11,491 - INFO - ✅ پردازش با موفقیت انجام شد!
2025-12-14 21:50:43,964 - INFO - فایل‌ها با موفقیت ساخته شدند!
2025-12-14 21:50:43,964 - INFO - ✅ پردازش با موفقیت انجام شد!
2025-12-14 22:00:07,484 - INFO - فایل‌ها با موفقیت ساخته شدند!
2025-12-14 22:00:07,484 - INFO - ✅ پردازش با موفقیت انجام شد!
2025-12-14 22:26:49,675 - INFO - فایل‌ها با موفقیت ساخته شدند!
2025-12-14 22:26:49,675 - INFO - ✅ پردازش با موفقیت انجام شد!
2025-12-14 22:41:42,558 - INFO - فایل‌ها با موفقیت ساخته شدند!
2025-12-14 22:41:42,558 - INFO - ✅ پردازش با موفقیت انجام شد!
2025-12-14 22:50:45,083 - INFO - فایل‌ها با موفقیت ساخته شدند!
2025-12-14 22:50:45,083 - INFO - ✅ پردازش با موفقیت انجام شد!
2025-12-14 22:59:50,169 - INFO - فایل‌ها با موفقیت ساخته شدند!
2025-12-14 22:59:50,169 - INFO - ✅ پردازش با موفقیت انجام شد!
2025-12-14 23:25:50,288 - INFO - فایل‌ها با موفقیت ساخته شدند!
2025-12-14 23:25:50,288 - INFO - ✅ پردازش با موفقیت انجام شد!
2025-12-14 23:38:53,697 - INFO - فایل‌ها با موفقیت ساخته شدند!
2025-12-14 23:38:53,697 - INFO - ✅ پردازش با موفقیت انجام شد!
2025-12-14 23:48:26,516 - INFO - فایل‌ها با موفقیت ساخته شدند!
2025-12-14 23:48:26,516 - INFO - ✅ پردازش با موفقیت انجام شد!
2025-12-14 23:57:21,304 - INFO - فایل‌ها با موفقیت ساخته شدند!
2025-12-14 23:57:21,304 - INFO - ✅ پردازش با موفقیت انجام شد!
2025-12-15 01:56:08,485 - INFO - فایل‌ها با موفقیت ساخته شدند!
2025-12-15 01:56:08,485 - INFO - ✅ پردازش با موفقیت انجام شد!
2025-12-15 03:40:59,262 - INFO - فایل‌ها با موفقیت ساخته شدند!
2025-12-15 03:40:59,262 - INFO - ✅ پردازش با موفقیت انجام شد!
2025-12-15 04:28:42,205 - INFO - فایل‌ها با موفقیت ساخته شدند!
2025-12-15 04:28:42,205 - INFO - ✅ پردازش با موفقیت انجام شد!
2025-12-15 04:58:44,178 - INFO - فایل‌ها با موفقیت ساخته شدند!
2025-12-15 04:58:44,178 - INFO - ✅ پردازش با موفقیت انجام شد!
2025-12-15 05:31:07,373 - INFO - فایل‌ها با موفقیت ساخته شدند!
2025-12-15 05:31:07,373 - INFO - ✅ پردازش با موفقیت انجام شد!
2025-12-15 05:50:45,363 - INFO - فایل‌ها با موفقیت ساخته شدند!
2025-12-15 05:50:45,363 - INFO - ✅ پردازش با موفقیت انجام شد!
2025-12-15 05:59:45,669 - INFO - فایل‌ها با موفقیت ساخته شدند!
2025-12-15 05:59:45,669 - INFO - ✅ پردازش با موفقیت انجام شد!
2025-12-15 06:48:26,753 - INFO - فایل‌ها با موفقیت ساخته شدند!
2025-12-15 06:48:26,753 - INFO - ✅ پردازش با موفقیت انجام شد!
2025-12-15 07:13:36,077 - INFO - فایل‌ها با موفقیت ساخته شدند!
2025-12-15 07:13:36,077 - INFO - ✅ پردازش با موفقیت انجام شد!
2025-12-15 07:37:59,521 - INFO - فایل‌ها با موفقیت ساخته شدند!
2025-12-15 07:37:59,521 - INFO - ✅ پردازش با موفقیت انجام شد!
2025-12-15 07:50:59,027 - INFO - فایل‌ها با موفقیت ساخته شدند!
2025-12-15 07:50:59,027 - INFO - ✅ پردازش با موفقیت انجام شد!
2025-12-15 08:00:47,663 - INFO - فایل‌ها با موفقیت ساخته شدند!
2025-12-15 08:00:47,663 - INFO - ✅ پردازش با موفقیت انجام شد!
2025-12-15 08:43:46,412 - INFO - فایل‌ها با موفقیت ساخته شدند!
2025-12-15 08:43:46,412 - INFO - ✅ پردازش با موفقیت انجام شد!
2025-12-15 09:03:00,302 - INFO - فایل‌ها با موفقیت ساخته شدند!
2025-12-15 09:03:00,302 - INFO - ✅ پردازش با موفقیت انجام شد!
2025-12-15 09:43:08,104 - INFO - فایل‌ها با موفقیت ساخته شدند!
2025-12-15 09:43:08,105 - INFO - ✅ پردازش با موفقیت انجام شد!
2025-12-15 09:58:56,426 - INFO - فایل‌ها با موفقیت ساخته شدند!
2025-12-15 09:58:56,426 - INFO - ✅ پردازش با موفقیت انجام شد!
2025-12-15 10:34:47,541 - INFO - فایل‌ها با موفقیت ساخته شدند!
2025-12-15 10:34:47,541 - INFO - ✅ پردازش با موفقیت انجام شد!
2025-12-15 10:55:16,304 - INFO - فایل‌ها با موفقیت ساخته شدند!
2025-12-15 10:55:16,305 - INFO - ✅ پردازش با موفقیت انجام شد!
2025-12-15 11:16:47,014 - INFO - فایل‌ها با موفقیت ساخته شدند!
2025-12-15 11:16:47,014 - INFO - ✅ پردازش با موفقیت انجام شد!
2025-12-15 11:34:36,419 - INFO - فایل‌ها با موفقیت ساخته شدند!
2025-12-15 11:34:36,419 - INFO - ✅ پردازش با موفقیت انجام شد!
2025-12-15 11:47:01,593 - INFO - فایل‌ها با موفقیت ساخته شدند!
2025-12-15 11:47:01,594 - INFO - ✅ پردازش با موفقیت انجام شد!
2025-12-15 11:56:40,531 - INFO - فایل‌ها با موفقیت ساخته شدند!
2025-12-15 11:56:40,531 - INFO - ✅ پردازش با موفقیت انجام شد!
2025-12-15 12:49:35,031 - INFO - فایل‌ها با موفقیت ساخته شدند!
2025-12-15 12:49:35,032 - INFO - ✅ پردازش با موفقیت انجام شد!
2025-12-15 13:32:23,457 - INFO - فایل‌ها با موفقیت ساخته شدند!
2025-12-15 13:32:23,457 - INFO - ✅ پردازش با موفقیت انجام شد!
2025-12-15 13:59:00,339 - INFO - فایل‌ها با موفقیت ساخته شدند!
2025-12-15 13:59:00,339 - INFO - ✅ پردازش با موفقیت انجام شد!
2025-12-15 14:33:18,091 - INFO - فایل‌ها با موفقیت ساخته شدند!
2025-12-15 14:33:18,091 - INFO - ✅ پردازش با موفقیت انجام شد!
2025-12-15 14:56:28,329 - INFO - فایل‌ها با موفقیت ساخته شدند!
2025-12-15 14:56:28,329 - INFO - ✅ پردازش با موفقیت انجام شد!
2025-12-15 15:25:15,816 - INFO - فایل‌ها با موفقیت ساخته شدند!
2025-12-15 15:25:15,816 - INFO - ✅ پردازش با موفقیت انجام شد!
2025-12-15 15:47:58,667 - INFO - فایل‌ها با موفقیت ساخته شدند!
2025-12-15 15:47:58,667 - INFO - ✅ پردازش با موفقیت انجام شد!
2025-12-15 16:00:44,783 - INFO - فایل‌ها با موفقیت ساخته شدند!
2025-12-15 16:00:44,784 - INFO - ✅ پردازش با موفقیت انجام شد!
2025-12-15 16:42:32,244 - INFO - فایل‌ها با موفقیت ساخته شدند!
2025-12-15 16:42:32,244 - INFO - ✅ پردازش با موفقیت انجام شد!
2025-12-15 17:03:20,579 - INFO - فایل‌ها با موفقیت ساخته شدند!
2025-12-15 17:03:20,579 - INFO - ✅ پردازش با موفقیت انجام شد!
2025-12-15 17:35:18,959 - INFO - فایل‌ها با موفقیت ساخته شدند!
2025-12-15 17:35:18,959 - INFO - ✅ پردازش با موفقیت انجام شد!
2025-12-15 17:51:55,127 - INFO - فایل‌ها با موفقیت ساخته شدند!
2025-12-15 17:51:55,127 - INFO - ✅ پردازش با موفقیت انجام شد!
2025-12-15 18:15:54,580 - INFO - فایل‌ها با موفقیت ساخته شدند!
2025-12-15 18:15:54,580 - INFO - ✅ پردازش با موفقیت انجام شد!
2025-12-15 18:49:51,389 - INFO - فایل‌ها با موفقیت ساخته شدند!
2025-12-15 18:49:51,389 - INFO - ✅ پردازش با موفقیت انجام شد!
2025-12-15 19:10:08,523 - INFO - فایل‌ها با موفقیت ساخته شدند!
2025-12-15 19:10:08,523 - INFO - ✅ پردازش با موفقیت انجام شد!
2025-12-15 19:30:58,377 - INFO - فایل‌ها با موفقیت ساخته شدند!
2025-12-15 19:30:58,377 - INFO - ✅ پردازش با موفقیت انجام شد!
2025-12-15 19:43:40,826 - INFO - فایل‌ها با موفقیت ساخته شدند!
2025-12-15 19:43:40,826 - INFO - ✅ پردازش با موفقیت انجام شد!
2025-12-15 19:53:14,073 - INFO - فایل‌ها با موفقیت ساخته شدند!
2025-12-15 19:53:14,073 - INFO - ✅ پردازش با موفقیت انجام شد!
2025-12-15 20:15:12,182 - INFO - فایل‌ها با موفقیت ساخته شدند!
2025-12-15 20:15:12,182 - INFO - ✅ پردازش با موفقیت انجام شد!
2025-12-15 20:40:36,271 - INFO - فایل‌ها با موفقیت ساخته شدند!
2025-12-15 20:40:36,271 - INFO - ✅ پردازش با موفقیت انجام شد!
2025-12-15 20:54:53,707 - INFO - فایل‌ها با موفقیت ساخته شدند!
2025-12-15 20:54:53,707 - INFO - ✅ پردازش با موفقیت انجام شد!
2025-12-15 21:16:23,394 - INFO - فایل‌ها با موفقیت ساخته شدند!
2025-12-15 21:16:23,394 - INFO - ✅ پردازش با موفقیت انجام شد!
2025-12-15 21:35:30,185 - INFO - فایل‌ها با موفقیت ساخته شدند!
2025-12-15 21:35:30,185 - INFO - ✅ پردازش با موفقیت انجام شد!
2025-12-15 21:47:55,263 - INFO - فایل‌ها با موفقیت ساخته شدند!
2025-12-15 21:47:55,263 - INFO - ✅ پردازش با موفقیت انجام شد!
2025-12-15 21:57:22,784 - INFO - فایل‌ها با موفقیت ساخته شدند!
2025-12-15 21:57:22,784 - INFO - ✅ پردازش با موفقیت انجام شد!
2025-12-15 22:23:12,654 - INFO - فایل‌ها با موفقیت ساخته شدند!
2025-12-15 22:23:12,654 - INFO - ✅ پردازش با موفقیت انجام شد!
2025-12-15 22:42:34,681 - INFO - فایل‌ها با موفقیت ساخته شدند!
2025-12-15 22:42:34,681 - INFO - ✅ پردازش با موفقیت انجام شد!
2025-12-15 22:53:06,341 - INFO - فایل‌ها با موفقیت ساخته شدند!
2025-12-15 22:53:06,341 - INFO - ✅ پردازش با موفقیت انجام شد!
2025-12-15 23:12:56,310 - INFO - فایل‌ها با موفقیت ساخته شدند!
2025-12-15 23:12:56,310 - INFO - ✅ پردازش با موفقیت انجام شد!
2025-12-15 23:32:39,173 - INFO - فایل‌ها با موفقیت ساخته شدند!
2025-12-15 23:32:39,173 - INFO - ✅ پردازش با موفقیت انجام شد!
2025-12-15 23:45:45,760 - INFO - فایل‌ها با موفقیت ساخته شدند!
2025-12-15 23:45:45,760 - INFO - ✅ پردازش با موفقیت انجام شد!
2025-12-15 23:55:21,698 - INFO - فایل‌ها با موفقیت ساخته شدند!
2025-12-15 23:55:21,699 - INFO - ✅ پردازش با موفقیت انجام شد!
2025-12-16 01:24:39,514 - INFO - فایل‌ها با موفقیت ساخته شدند!
2025-12-16 01:24:39,514 - INFO - ✅ پردازش با موفقیت انجام شد!
2025-12-16 03:08:47,904 - INFO - فایل‌ها با موفقیت ساخته شدند!
2025-12-16 03:08:47,904 - INFO - ✅ پردازش با موفقیت انجام شد!
2025-12-16 04:03:44,795 - INFO - فایل‌ها با موفقیت ساخته شدند!
2025-12-16 04:03:44,795 - INFO - ✅ پردازش با موفقیت انجام شد!
2025-12-16 04:44:21,128 - INFO - فایل‌ها با موفقیت ساخته شدند!
2025-12-16 04:44:21,128 - INFO - ✅ پردازش با موفقیت انجام شد!
2025-12-16 05:01:13,972 - INFO - فایل‌ها با موفقیت ساخته شدند!
2025-12-16 05:01:13,972 - INFO - ✅ پردازش با موفقیت انجام شد!
2025-12-16 05:32:41,755 - INFO - فایل‌ها با موفقیت ساخته شدند!
2025-12-16 05:32:41,755 - INFO - ✅ پردازش با موفقیت انجام شد!
2025-12-16 05:49:42,530 - INFO - فایل‌ها با موفقیت ساخته شدند!
2025-12-16 05:49:42,530 - INFO - ✅ پردازش با موفقیت انجام شد!
2025-12-16 05:59:12,139 - INFO - فایل‌ها با موفقیت ساخته شدند!
2025-12-16 05:59:12,139 - INFO - ✅ پردازش با موفقیت انجام شد!
2025-12-16 06:44:25,579 - INFO - فایل‌ها با موفقیت ساخته شدند!
2025-12-16 06:44:25,579 - INFO - ✅ پردازش با موفقیت انجام شد!
2025-12-16 07:02:02,319 - INFO - فایل‌ها با موفقیت ساخته شدند!
2025-12-16 07:02:02,319 - INFO - ✅ پردازش با موفقیت انجام شد!
2025-12-16 07:32:04,795 - INFO - فایل‌ها با موفقیت ساخته شدند!
2025-12-16 07:32:04,795 - INFO - ✅ پردازش با موفقیت انجام شد!
2025-12-16 07:46:23,897 - INFO - فایل‌ها با موفقیت ساخته شدند!
2025-12-16 07:46:23,897 - INFO - ✅ پردازش با موفقیت انجام شد!
2025-12-16 07:55:21,775 - INFO - فایل‌ها با موفقیت ساخته شدند!
2025-12-16 07:55:21,775 - INFO - ✅ پردازش با موفقیت انجام شد!
2025-12-16 08:26:55,330 - INFO - فایل‌ها با موفقیت ساخته شدند!
2025-12-16 08:26:55,330 - INFO - ✅ پردازش با موفقیت انجام شد!
2025-12-16 08:55:04,018 - INFO - فایل‌ها با موفقیت ساخته شدند!
2025-12-16 08:55:04,018 - INFO - ✅ پردازش با موفقیت انجام شد!
2025-12-16 09:23:30,513 - INFO - فایل‌ها با موفقیت ساخته شدند!
2025-12-16 09:23:30,513 - INFO - ✅ پردازش با موفقیت انجام شد!
2025-12-16 09:46:03,648 - INFO - فایل‌ها با موفقیت ساخته شدند!
2025-12-16 09:46:03,648 - INFO - ✅ پردازش با موفقیت انجام شد!
2025-12-16 09:57:51,173 - INFO - فایل‌ها با موفقیت ساخته شدند!
2025-12-16 09:57:51,173 - INFO - ✅ پردازش با موفقیت انجام شد!
2025-12-16 10:29:44,507 - INFO - فایل‌ها با موفقیت ساخته شدند!
2025-12-16 10:29:44,507 - INFO - ✅ پردازش با موفقیت انجام شد!
2025-12-16 10:51:52,223 - INFO - فایل‌ها با موفقیت ساخته شدند!
2025-12-16 10:51:52,223 - INFO - ✅ پردازش با موفقیت انجام شد!
2025-12-16 11:10:22,906 - INFO - فایل‌ها با موفقیت ساخته شدند!
2025-12-16 11:10:22,906 - INFO - ✅ پردازش با موفقیت انجام شد!
2025-12-16 11:31:23,011 - INFO - فایل‌ها با موفقیت ساخته شدند!
2025-12-16 11:31:23,011 - INFO - ✅ پردازش با موفقیت انجام شد!
2025-12-16 11:45:26,781 - INFO - فایل‌ها با موفقیت ساخته شدند!
2025-12-16 11:45:26,781 - INFO - ✅ پردازش با موفقیت انجام شد!
2025-12-16 11:54:17,079 - INFO - فایل‌ها با موفقیت ساخته شدند!
2025-12-16 11:54:17,079 - INFO - ✅ پردازش با موفقیت انجام شد!
2025-12-16 12:33:09,208 - INFO - فایل‌ها با موفقیت ساخته شدند!
2025-12-16 12:33:09,209 - INFO - ✅ پردازش با موفقیت انجام شد!
2025-12-16 13:23:35,618 - INFO - فایل‌ها با موفقیت ساخته شدند!
2025-12-16 13:23:35,618 - INFO - ✅ پردازش با موفقیت انجام شد!
2025-12-16 13:53:44,328 - INFO - فایل‌ها با موفقیت ساخته شدند!
2025-12-16 13:53:44,328 - INFO - ✅ پردازش با موفقیت انجام شد!
2025-12-16 14:17:39,226 - INFO - فایل‌ها با موفقیت ساخته شدند!
2025-12-16 14:17:39,226 - INFO - ✅ پردازش با موفقیت انجام شد!
2025-12-16 14:46:05,083 - INFO - فایل‌ها با موفقیت ساخته شدند!
2025-12-16 14:46:05,083 - INFO - ✅ پردازش با موفقیت انجام شد!
2025-12-16 15:00:14,568 - INFO - فایل‌ها با موفقیت ساخته شدند!
2025-12-16 15:00:14,568 - INFO - ✅ پردازش با موفقیت انجام شد!
2025-12-16 15:32:48,141 - INFO - فایل‌ها با موفقیت ساخته شدند!
2025-12-16 15:32:48,141 - INFO - ✅ پردازش با موفقیت انجام شد!
2025-12-16 15:49:20,455 - INFO - فایل‌ها با موفقیت ساخته شدند!
2025-12-16 15:49:20,455 - INFO - ✅ پردازش با موفقیت انجام شد!
2025-12-16 15:59:09,751 - INFO - فایل‌ها با موفقیت ساخته شدند!
2025-12-16 15:59:09,751 - INFO - ✅ پردازش با موفقیت انجام شد!
2025-12-16 16:39:12,071 - INFO - فایل‌ها با موفقیت ساخته شدند!
2025-12-16 16:39:12,071 - INFO - ✅ پردازش با موفقیت انجام شد!
2025-12-16 17:00:31,965 - INFO - فایل‌ها با موفقیت ساخته شدند!
2025-12-16 17:00:31,965 - INFO - ✅ پردازش با موفقیت انجام شد!
2025-12-16 17:32:02,980 - INFO - فایل‌ها با موفقیت ساخته شدند!
2025-12-16 17:32:02,980 - INFO - ✅ پردازش با موفقیت انجام شد!
2025-12-16 17:50:19,238 - INFO - فایل‌ها با موفقیت ساخته شدند!
2025-12-16 17:50:19,238 - INFO - ✅ پردازش با موفقیت انجام شد!
2025-12-16 17:59:34,590 - INFO - فایل‌ها با موفقیت ساخته شدند!
2025-12-16 17:59:34,590 - INFO - ✅ پردازش با موفقیت انجام شد!
2025-12-16 18:43:04,669 - INFO - فایل‌ها با موفقیت ساخته شدند!
2025-12-16 18:43:04,669 - INFO - ✅ پردازش با موفقیت انجام شد!
2025-12-16 19:00:44,511 - INFO - فایل‌ها با موفقیت ساخته شدند!
2025-12-16 19:00:44,511 - INFO - ✅ پردازش با موفقیت انجام شد!
2025-12-16 19:26:35,026 - INFO - فایل‌ها با موفقیت ساخته شدند!
2025-12-16 19:26:35,026 - INFO - ✅ پردازش با موفقیت انجام شد!
2025-12-16 19:39:55,908 - INFO - فایل‌ها با موفقیت ساخته شدند!
2025-12-16 19:39:55,908 - INFO - ✅ پردازش با موفقیت انجام شد!
2025-12-16 19:49:49,858 - INFO - فایل‌ها با موفقیت ساخته شدند!
2025-12-16 19:49:49,858 - INFO - ✅ پردازش با موفقیت انجام شد!
2025-12-16 19:59:03,180 - INFO - فایل‌ها با موفقیت ساخته شدند!
2025-12-16 19:59:03,180 - INFO - ✅ پردازش با موفقیت انجام شد!
2025-12-16 20:32:32,556 - INFO - فایل‌ها با موفقیت ساخته شدند!
2025-12-16 20:32:32,556 - INFO - ✅ پردازش با موفقیت انجام شد!
2025-12-16 20:49:15,817 - INFO - فایل‌ها با موفقیت ساخته شدند!
2025-12-16 20:49:15,817 - INFO - ✅ پردازش با موفقیت انجام شد!
2025-12-16 20:58:55,888 - INFO - فایل‌ها با موفقیت ساخته شدند!
2025-12-16 20:58:55,888 - INFO - ✅ پردازش با موفقیت انجام شد!
2025-12-16 21:27:13,545 - INFO - فایل‌ها با موفقیت ساخته شدند!
2025-12-16 21:27:13,545 - INFO - ✅ پردازش با موفقیت انجام شد!
2025-12-16 21:42:28,576 - INFO - فایل‌ها با موفقیت ساخته شدند!
2025-12-16 21:42:28,576 - INFO - ✅ پردازش با موفقیت انجام شد!
2025-12-16 21:52:17,713 - INFO - فایل‌ها با موفقیت ساخته شدند!
2025-12-16 21:52:17,713 - INFO - ✅ پردازش با موفقیت انجام شد!
2025-12-16 22:11:05,397 - INFO - فایل‌ها با موفقیت ساخته شدند!
2025-12-16 22:11:05,397 - INFO - ✅ پردازش با موفقیت انجام شد!
2025-12-16 22:33:24,402 - INFO - فایل‌ها با موفقیت ساخته شدند!
2025-12-16 22:33:24,402 - INFO - ✅ پردازش با موفقیت انجام شد!
2025-12-16 22:47:05,823 - INFO - فایل‌ها با موفقیت ساخته شدند!
2025-12-16 22:47:05,823 - INFO - ✅ پردازش با موفقیت انجام شد!
2025-12-16 22:56:28,318 - INFO - فایل‌ها با موفقیت ساخته شدند!
2025-12-16 22:56:28,318 - INFO - ✅ پردازش با موفقیت انجام شد!
2025-12-16 23:19:32,641 - INFO - فایل‌ها با موفقیت ساخته شدند!
2025-12-16 23:19:32,641 - INFO - ✅ پردازش با موفقیت انجام شد!
2025-12-16 23:36:06,555 - INFO - فایل‌ها با موفقیت ساخته شدند!
2025-12-16 23:36:06,555 - INFO - ✅ پردازش با موفقیت انجام شد!
2025-12-16 23:46:56,194 - INFO - فایل‌ها با موفقیت ساخته شدند!
2025-12-16 23:46:56,194 - INFO - ✅ پردازش با موفقیت انجام شد!
2025-12-16 23:56:29,481 - INFO - فایل‌ها با موفقیت ساخته شدند!
2025-12-16 23:56:29,481 - INFO - ✅ پردازش با موفقیت انجام شد!
2025-12-17 01:39:06,601 - INFO - فایل‌ها با موفقیت ساخته شدند!
2025-12-17 01:39:06,601 - INFO - ✅ پردازش با موفقیت انجام شد!
2025-12-17 03:10:38,434 - INFO - فایل‌ها با موفقیت ساخته شدند!
2025-12-17 03:10:38,434 - INFO - ✅ پردازش با موفقیت انجام شد!
2025-12-17 04:01:39,353 - INFO - فایل‌ها با موفقیت ساخته شدند!
2025-12-17 04:01:39,354 - INFO - ✅ پردازش با موفقیت انجام شد!
2025-12-17 04:40:21,944 - INFO - فایل‌ها با موفقیت ساخته شدند!
2025-12-17 04:40:21,944 - INFO - ✅ پردازش با موفقیت انجام شد!
2025-12-17 04:58:40,114 - INFO - فایل‌ها با موفقیت ساخته شدند!
2025-12-17 04:58:40,114 - INFO - ✅ پردازش با موفقیت انجام شد!
2025-12-17 05:29:17,343 - INFO - فایل‌ها با موفقیت ساخته شدند!
2025-12-17 05:29:17,343 - INFO - ✅ پردازش با موفقیت انجام شد!
2025-12-17 05:48:17,983 - INFO - فایل‌ها با موفقیت ساخته شدند!
2025-12-17 05:48:17,983 - INFO - ✅ پردازش با موفقیت انجام شد!
2025-12-17 05:57:16,814 - INFO - فایل‌ها با موفقیت ساخته شدند!
2025-12-17 05:57:16,814 - INFO - ✅ پردازش با موفقیت انجام شد!
2025-12-17 06:37:17,976 - INFO - فایل‌ها با موفقیت ساخته شدند!
2025-12-17 06:37:17,976 - INFO - ✅ پردازش با موفقیت انجام شد!
2025-12-17 06:59:13,060 - INFO - فایل‌ها با موفقیت ساخته شدند!
2025-12-17 06:59:13,060 - INFO - ✅ پردازش با موفقیت انجام شد!
2025-12-17 07:29:09,822 - INFO - فایل‌ها با موفقیت ساخته شدند!
2025-12-17 07:29:09,823 - INFO - ✅ پردازش با موفقیت انجام شد!
2025-12-17 07:44:57,923 - INFO - فایل‌ها با موفقیت ساخته شدند!
2025-12-17 07:44:57,923 - INFO - ✅ پردازش با موفقیت انجام شد!
2025-12-17 07:54:08,920 - INFO - فایل‌ها با موفقیت ساخته شدند!
2025-12-17 07:54:08,920 - INFO - ✅ پردازش با موفقیت انجام شد!
2025-12-17 08:22:37,651 - INFO - فایل‌ها با موفقیت ساخته شدند!
2025-12-17 08:22:37,651 - INFO - ✅ پردازش با موفقیت انجام شد!
2025-12-17 08:50:34,414 - INFO - فایل‌ها با موفقیت ساخته شدند!
2025-12-17 08:50:34,414 - INFO - ✅ پردازش با موفقیت انجام شد!
2025-12-17 09:15:20,403 - INFO - فایل‌ها با موفقیت ساخته شدند!
2025-12-17 09:15:20,403 - INFO - ✅ پردازش با موفقیت انجام شد!
2025-12-17 09:43:36,072 - INFO - فایل‌ها با موفقیت ساخته شدند!
2025-12-17 09:43:36,072 - INFO - ✅ پردازش با موفقیت انجام شد!
2025-12-17 09:56:59,623 - INFO - فایل‌ها با موفقیت ساخته شدند!
2025-12-17 09:56:59,623 - INFO - ✅ پردازش با موفقیت انجام شد!
2025-12-17 10:26:27,952 - INFO - فایل‌ها با موفقیت ساخته شدند!
2025-12-17 10:26:27,952 - INFO - ✅ پردازش با موفقیت انجام شد!
2025-12-17 10:49:17,075 - INFO - فایل‌ها با موفقیت ساخته شدند!
2025-12-17 10:49:17,075 - INFO - ✅ پردازش با موفقیت انجام شد!
2025-12-17 10:59:04,208 - INFO - فایل‌ها با موفقیت ساخته شدند!
2025-12-17 10:59:04,208 - INFO - ✅ پردازش با موفقیت انجام شد!
2025-12-17 11:27:07,747 - INFO - فایل‌ها با موفقیت ساخته شدند!
2025-12-17 11:27:07,747 - INFO - ✅ پردازش با موفقیت انجام شد!
2025-12-17 11:42:05,352 - INFO - فایل‌ها با موفقیت ساخته شدند!
2025-12-17 11:42:05,352 - INFO - ✅ پردازش با موفقیت انجام شد!
2025-12-17 11:52:09,166 - INFO - فایل‌ها با موفقیت ساخته شدند!
2025-12-17 11:52:09,166 - INFO - ✅ پردازش با موفقیت انجام شد!
2025-12-17 12:20:19,882 - INFO - فایل‌ها با موفقیت ساخته شدند!
2025-12-17 12:20:19,882 - INFO - ✅ پردازش با موفقیت انجام شد!
2025-12-17 13:09:21,283 - INFO - فایل‌ها با موفقیت ساخته شدند!
2025-12-17 13:09:21,284 - INFO - ✅ پردازش با موفقیت انجام شد!
2025-12-17 13:45:36,760 - INFO - فایل‌ها با موفقیت ساخته شدند!
2025-12-17 13:45:36,760 - INFO - ✅ پردازش با موفقیت انجام شد!
2025-12-17 13:58:30,335 - INFO - فایل‌ها با موفقیت ساخته شدند!
2025-12-17 13:58:30,336 - INFO - ✅ پردازش با موفقیت انجام شد!
2025-12-17 14:28:48,656 - INFO - فایل‌ها با موفقیت ساخته شدند!
2025-12-17 14:28:48,656 - INFO - ✅ پردازش با موفقیت انجام شد!
2025-12-17 14:52:07,152 - INFO - فایل‌ها با موفقیت ساخته شدند!
2025-12-17 14:52:07,152 - INFO - ✅ پردازش با موفقیت انجام شد!
2025-12-17 15:12:43,480 - INFO - فایل‌ها با موفقیت ساخته شدند!
2025-12-17 15:12:43,480 - INFO - ✅ پردازش با موفقیت انجام شد!
2025-12-17 15:40:25,356 - INFO - فایل‌ها با موفقیت ساخته شدند!
2025-12-17 15:40:25,356 - INFO - ✅ پردازش با موفقیت انجام شد!
2025-12-17 15:56:23,333 - INFO - فایل‌ها با موفقیت ساخته شدند!
2025-12-17 15:56:23,333 - INFO - ✅ پردازش با موفقیت انجام شد!
2025-12-17 16:28:40,776 - INFO - فایل‌ها با موفقیت ساخته شدند!
2025-12-17 16:28:40,776 - INFO - ✅ پردازش با موفقیت انجام شد!
2025-12-17 16:56:10,102 - INFO - فایل‌ها با موفقیت ساخته شدند!
2025-12-17 16:56:10,102 - INFO - ✅ پردازش با موفقیت انجام شد!
2025-12-17 17:22:33,058 - INFO - فایل‌ها با موفقیت ساخته شدند!
2025-12-17 17:22:33,058 - INFO - ✅ پردازش با موفقیت انجام شد!
2025-12-17 17:43:54,552 - INFO - فایل‌ها با موفقیت ساخته شدند!
2025-12-17 17:43:54,552 - INFO - ✅ پردازش با موفقیت انجام شد!
2025-12-17 17:55:46,896 - INFO - فایل‌ها با موفقیت ساخته شدند!
2025-12-17 17:55:46,896 - INFO - ✅ پردازش با موفقیت انجام شد!
2025-12-17 18:30:08,887 - INFO - فایل‌ها با موفقیت ساخته شدند!
2025-12-17 18:30:08,888 - INFO - ✅ پردازش با موفقیت انجام شد!
2025-12-17 18:56:52,971 - INFO - فایل‌ها با موفقیت ساخته شدند!
2025-12-17 18:56:52,971 - INFO - ✅ پردازش با موفقیت انجام شد!
2025-12-17 19:20:19,697 - INFO - فایل‌ها با موفقیت ساخته شدند!
2025-12-17 19:20:19,697 - INFO - ✅ پردازش با موفقیت انجام شد!
2025-12-17 19:34:50,397 - INFO - فایل‌ها با موفقیت ساخته شدند!
2025-12-17 19:34:50,397 - INFO - ✅ پردازش با موفقیت انجام شد!
2025-12-17 19:45:31,778 - INFO - فایل‌ها با موفقیت ساخته شدند!
2025-12-17 19:45:31,778 - INFO - ✅ پردازش با موفقیت انجام شد!
2025-12-17 19:54:53,034 - INFO - فایل‌ها با موفقیت ساخته شدند!
2025-12-17 19:54:53,034 - INFO - ✅ پردازش با موفقیت انجام شد!
2025-12-17 20:19:26,030 - INFO - فایل‌ها با موفقیت ساخته شدند!
2025-12-17 20:19:26,030 - INFO - ✅ پردازش با موفقیت انجام شد!
2025-12-17 20:42:07,026 - INFO - فایل‌ها با موفقیت ساخته شدند!
2025-12-17 20:42:07,027 - INFO - ✅ پردازش با موفقیت انجام شد!
2025-12-17 20:54:52,646 - INFO - فایل‌ها با موفقیت ساخته شدند!
2025-12-17 20:54:52,647 - INFO - ✅ پردازش با موفقیت انجام شد!
2025-12-17 21:16:34,615 - INFO - فایل‌ها با موفقیت ساخته شدند!
2025-12-17 21:16:34,615 - INFO - ✅ پردازش با موفقیت انجام شد!
2025-12-17 21:35:38,332 - INFO - فایل‌ها با موفقیت ساخته شدند!
2025-12-17 21:35:38,332 - INFO - ✅ پردازش با موفقیت انجام شد!
2025-12-17 21:47:23,569 - INFO - فایل‌ها با موفقیت ساخته شدند!
2025-12-17 21:47:23,569 - INFO - ✅ پردازش با موفقیت انجام شد!
2025-12-17 21:56:38,869 - INFO - فایل‌ها با موفقیت ساخته شدند!
2025-12-17 21:56:38,869 - INFO - ✅ پردازش با موفقیت انجام شد!
2025-12-17 22:20:37,556 - INFO - فایل‌ها با موفقیت ساخته شدند!
2025-12-17 22:20:37,556 - INFO - ✅ پردازش با موفقیت انجام شد!
2025-12-17 22:41:13,302 - INFO - فایل‌ها با موفقیت ساخته شدند!
2025-12-17 22:41:13,302 - INFO - ✅ پردازش با موفقیت انجام شد!
2025-12-17 22:52:19,307 - INFO - فایل‌ها با موفقیت ساخته شدند!
2025-12-17 22:52:19,307 - INFO - ✅ پردازش با موفقیت انجام شد!
2025-12-17 23:10:45,718 - INFO - فایل‌ها با موفقیت ساخته شدند!
2025-12-17 23:10:45,718 - INFO - ✅ پردازش با موفقیت انجام شد!
2025-12-17 23:31:30,558 - INFO - فایل‌ها با موفقیت ساخته شدند!
2025-12-17 23:31:30,558 - INFO - ✅ پردازش با موفقیت انجام شد!
2025-12-17 23:45:11,946 - INFO - فایل‌ها با موفقیت ساخته شدند!
2025-12-17 23:45:11,946 - INFO - ✅ پردازش با موفقیت انجام شد!
2025-12-17 23:54:38,971 - INFO - فایل‌ها با موفقیت ساخته شدند!
2025-12-17 23:54:38,971 - INFO - ✅ پردازش با موفقیت انجام شد!
2025-12-18 01:13:32,548 - INFO - فایل‌ها با موفقیت ساخته شدند!
2025-12-18 01:13:32,548 - INFO - ✅ پردازش با موفقیت انجام شد!
2025-12-18 02:57:22,776 - INFO - فایل‌ها با موفقیت ساخته شدند!
2025-12-18 02:57:22,776 - INFO - ✅ پردازش با موفقیت انجام شد!
2025-12-18 03:56:24,102 - INFO - فایل‌ها با موفقیت ساخته شدند!
2025-12-18 03:56:24,102 - INFO - ✅ پردازش با موفقیت انجام شد!
2025-12-18 04:34:12,892 - INFO - فایل‌ها با موفقیت ساخته شدند!
2025-12-18 04:34:12,892 - INFO - ✅ پردازش با موفقیت انجام شد!
2025-12-18 04:57:28,235 - INFO - فایل‌ها با موفقیت ساخته شدند!
2025-12-18 04:57:28,235 - INFO - ✅ پردازش با موفقیت انجام شد!
2025-12-18 05:25:55,072 - INFO - فایل‌ها با موفقیت ساخته شدند!
2025-12-18 05:25:55,072 - INFO - ✅ پردازش با موفقیت انجام شد!
2025-12-18 05:46:21,533 - INFO - فایل‌ها با موفقیت ساخته شدند!
2025-12-18 05:46:21,533 - INFO - ✅ پردازش با موفقیت انجام شد!
2025-12-18 05:56:24,551 - INFO - فایل‌ها با موفقیت ساخته شدند!
2025-12-18 05:56:24,551 - INFO - ✅ پردازش با موفقیت انجام شد!
2025-12-18 06:33:51,343 - INFO - فایل‌ها با موفقیت ساخته شدند!
2025-12-18 06:33:51,343 - INFO - ✅ پردازش با موفقیت انجام شد!
2025-12-18 06:57:26,949 - INFO - فایل‌ها با موفقیت ساخته شدند!
2025-12-18 06:57:26,949 - INFO - ✅ پردازش با موفقیت انجام شد!
2025-12-18 07:25:11,268 - INFO - فایل‌ها با موفقیت ساخته شدند!
2025-12-18 07:25:11,268 - INFO - ✅ پردازش با موفقیت انجام شد!
2025-12-18 07:41:37,039 - INFO - فایل‌ها با موفقیت ساخته شدند!
2025-12-18 07:41:37,039 - INFO - ✅ پردازش با موفقیت انجام شد!
2025-12-18 07:51:06,961 - INFO - فایل‌ها با موفقیت ساخته شدند!
2025-12-18 07:51:06,961 - INFO - ✅ پردازش با موفقیت انجام شد!
2025-12-18 08:00:01,655 - INFO - فایل‌ها با موفقیت ساخته شدند!
2025-12-18 08:00:01,655 - INFO - ✅ پردازش با موفقیت انجام شد!
2025-12-18 08:39:39,057 - INFO - فایل‌ها با موفقیت ساخته شدند!
2025-12-18 08:39:39,057 - INFO - ✅ پردازش با موفقیت انجام شد!
2025-12-18 08:59:24,433 - INFO - فایل‌ها با موفقیت ساخته شدند!
2025-12-18 08:59:24,433 - INFO - ✅ پردازش با موفقیت انجام شد!
2025-12-18 09:35:04,566 - INFO - فایل‌ها با موفقیت ساخته شدند!
2025-12-18 09:35:04,566 - INFO - ✅ پردازش با موفقیت انجام شد!
2025-12-18 09:53:17,192 - INFO - فایل‌ها با موفقیت ساخته شدند!
2025-12-18 09:53:17,192 - INFO - ✅ پردازش با موفقیت انجام شد!
2025-12-18 10:14:38,137 - INFO - فایل‌ها با موفقیت ساخته شدند!
2025-12-18 10:14:38,137 - INFO - ✅ پردازش با موفقیت انجام شد!
2025-12-18 10:43:01,866 - INFO - فایل‌ها با موفقیت ساخته شدند!
2025-12-18 10:43:01,866 - INFO - ✅ پردازش با موفقیت انجام شد!
2025-12-18 10:56:31,191 - INFO - فایل‌ها با موفقیت ساخته شدند!
2025-12-18 10:56:31,192 - INFO - ✅ پردازش با موفقیت انجام شد!
2025-12-18 11:19:43,183 - INFO - فایل‌ها با موفقیت ساخته شدند!
2025-12-18 11:19:43,183 - INFO - ✅ پردازش با موفقیت انجام شد!
2025-12-18 11:35:04,981 - INFO - فایل‌ها با موفقیت ساخته شدند!
2025-12-18 11:35:04,981 - INFO - ✅ پردازش با موفقیت انجام شد!
2025-12-18 11:46:43,220 - INFO - فایل‌ها با موفقیت ساخته شدند!
2025-12-18 11:46:43,220 - INFO - ✅ پردازش با موفقیت انجام شد!
2025-12-18 11:55:57,880 - INFO - فایل‌ها با موفقیت ساخته شدند!
2025-12-18 11:55:57,880 - INFO - ✅ پردازش با موفقیت انجام شد!
2025-12-18 12:41:06,620 - INFO - فایل‌ها با موفقیت ساخته شدند!
2025-12-18 12:41:06,620 - INFO - ✅ پردازش با موفقیت انجام شد!
2025-12-18 13:24:34,306 - INFO - فایل‌ها با موفقیت ساخته شدند!
2025-12-18 13:24:34,306 - INFO - ✅ پردازش با موفقیت انجام شد!
2025-12-18 13:53:31,629 - INFO - فایل‌ها با موفقیت ساخته شدند!
2025-12-18 13:53:31,629 - INFO - ✅ پردازش با موفقیت انجام شد!
2025-12-18 14:16:04,533 - INFO - فایل‌ها با موفقیت ساخته شدند!
2025-12-18 14:16:04,533 - INFO - ✅ پردازش با موفقیت انجام شد!
2025-12-18 14:43:04,932 - INFO - فایل‌ها با موفقیت ساخته شدند!
2025-12-18 14:43:04,932 - INFO - ✅ پردازش با موفقیت انجام شد!
2025-12-18 14:57:39,727 - INFO - فایل‌ها با موفقیت ساخته شدند!
2025-12-18 14:57:39,727 - INFO - ✅ پردازش با موفقیت انجام شد!
2025-12-18 15:27:52,949 - INFO - فایل‌ها با موفقیت ساخته شدند!
2025-12-18 15:27:52,949 - INFO - ✅ پردازش با موفقیت انجام شد!
2025-12-18 15:46:49,650 - INFO - فایل‌ها با موفقیت ساخته شدند!
2025-12-18 15:46:49,650 - INFO - ✅ پردازش با موفقیت انجام شد!
2025-12-18 15:58:29,663 - INFO - فایل‌ها با موفقیت ساخته شدند!
2025-12-18 15:58:29,663 - INFO - ✅ پردازش با موفقیت انجام شد!
2025-12-18 16:37:28,935 - INFO - فایل‌ها با موفقیت ساخته شدند!
2025-12-18 16:37:28,935 - INFO - ✅ پردازش با موفقیت انجام شد!
2025-12-18 16:59:26,385 - INFO - فایل‌ها با موفقیت ساخته شدند!
2025-12-18 16:59:26,385 - INFO - ✅ پردازش با موفقیت انجام شد!
2025-12-18 17:30:10,399 - INFO - فایل‌ها با موفقیت ساخته شدند!
2025-12-18 17:30:10,399 - INFO - ✅ پردازش با موفقیت انجام شد!
2025-12-18 17:48:54,961 - INFO - فایل‌ها با موفقیت ساخته شدند!
2025-12-18 17:48:54,961 - INFO - ✅ پردازش با موفقیت انجام شد!
2025-12-18 17:58:34,505 - INFO - فایل‌ها با موفقیت ساخته شدند!
2025-12-18 17:58:34,505 - INFO - ✅ پردازش با موفقیت انجام شد!
2025-12-18 18:39:38,324 - INFO - فایل‌ها با موفقیت ساخته شدند!
2025-12-18 18:39:38,324 - INFO - ✅ پردازش با موفقیت انجام شد!
2025-12-18 18:59:43,153 - INFO - فایل‌ها با موفقیت ساخته شدند!
2025-12-18 18:59:43,153 - INFO - ✅ پردازش با موفقیت انجام شد!
2025-12-18 19:22:48,927 - INFO - فایل‌ها با موفقیت ساخته شدند!
2025-12-18 19:22:48,927 - INFO - ✅ پردازش با موفقیت انجام شد!
2025-12-18 19:32:37,912 - INFO - فایل‌ها با موفقیت ساخته شدند!
2025-12-18 19:32:37,912 - INFO - ✅ پردازش با موفقیت انجام شد!
2025-12-18 19:43:37,218 - INFO - فایل‌ها با موفقیت ساخته شدند!
2025-12-18 19:43:37,218 - INFO - ✅ پردازش با موفقیت انجام شد!
2025-12-18 19:52:32,654 - INFO - فایل‌ها با موفقیت ساخته شدند!
2025-12-18 19:52:32,654 - INFO - ✅ پردازش با موفقیت انجام شد!
2025-12-18 20:12:19,182 - INFO - فایل‌ها با موفقیت ساخته شدند!
2025-12-18 20:12:19,182 - INFO - ✅ پردازش با موفقیت انجام شد!
2025-12-18 20:32:55,227 - INFO - فایل‌ها با موفقیت ساخته شدند!
2025-12-18 20:32:55,227 - INFO - ✅ پردازش با موفقیت انجام شد!
2025-12-18 20:47:09,631 - INFO - فایل‌ها با موفقیت ساخته شدند!
2025-12-18 20:47:09,631 - INFO - ✅ پردازش با موفقیت انجام شد!
2025-12-18 20:56:06,847 - INFO - فایل‌ها با موفقیت ساخته شدند!
2025-12-18 20:56:06,847 - INFO - ✅ پردازش با موفقیت انجام شد!
2025-12-18 21:17:29,258 - INFO - فایل‌ها با موفقیت ساخته شدند!
2025-12-18 21:17:29,258 - INFO - ✅ پردازش با موفقیت انجام شد!
2025-12-18 21:31:32,321 - INFO - فایل‌ها با موفقیت ساخته شدند!
2025-12-18 21:31:32,321 - INFO - ✅ پردازش با موفقیت انجام شد!
2025-12-18 21:44:05,957 - INFO - فایل‌ها با موفقیت ساخته شدند!
2025-12-18 21:44:05,957 - INFO - ✅ پردازش با موفقیت انجام شد!
2025-12-18 21:53:20,115 - INFO - فایل‌ها با موفقیت ساخته شدند!
2025-12-18 21:53:20,115 - INFO - ✅ پردازش با موفقیت انجام شد!
2025-12-18 22:13:02,814 - INFO - فایل‌ها با موفقیت ساخته شدند!
2025-12-18 22:13:02,814 - INFO - ✅ پردازش با موفقیت انجام شد!
2025-12-18 22:35:45,423 - INFO - فایل‌ها با موفقیت ساخته شدند!
2025-12-18 22:35:45,423 - INFO - ✅ پردازش با موفقیت انجام شد!
2025-12-18 22:49:05,345 - INFO - فایل‌ها با موفقیت ساخته شدند!
2025-12-18 22:49:05,345 - INFO - ✅ پردازش با موفقیت انجام شد!
2025-12-18 22:57:55,060 - INFO - فایل‌ها با موفقیت ساخته شدند!
2025-12-18 22:57:55,060 - INFO - ✅ پردازش با موفقیت انجام شد!
2025-12-18 23:23:55,765 - INFO - فایل‌ها با موفقیت ساخته شدند!
2025-12-18 23:23:55,765 - INFO - ✅ پردازش با موفقیت انجام شد!
2025-12-18 23:38:37,268 - INFO - فایل‌ها با موفقیت ساخته شدند!
2025-12-18 23:38:37,268 - INFO - ✅ پردازش با موفقیت انجام شد!
2025-12-18 23:49:06,554 - INFO - فایل‌ها با موفقیت ساخته شدند!
2025-12-18 23:49:06,554 - INFO - ✅ پردازش با موفقیت انجام شد!
2025-12-18 23:58:31,661 - INFO - فایل‌ها با موفقیت ساخته شدند!
2025-12-18 23:58:31,661 - INFO - ✅ پردازش با موفقیت انجام شد!
2025-12-19 02:04:09,463 - INFO - فایل‌ها با موفقیت ساخته شدند!
2025-12-19 02:04:09,463 - INFO - ✅ پردازش با موفقیت انجام شد!
2025-12-19 03:39:16,094 - INFO - فایل‌ها با موفقیت ساخته شدند!
2025-12-19 03:39:16,094 - INFO - ✅ پردازش با موفقیت انجام شد!
2025-12-19 04:19:56,964 - INFO - فایل‌ها با موفقیت ساخته شدند!
2025-12-19 04:19:56,965 - INFO - ✅ پردازش با موفقیت انجام شد!
2025-12-19 04:50:00,221 - INFO - فایل‌ها با موفقیت ساخته شدند!
2025-12-19 04:50:00,221 - INFO - ✅ پردازش با موفقیت انجام شد!
2025-12-19 05:11:29,866 - INFO - فایل‌ها با موفقیت ساخته شدند!
2025-12-19 05:11:29,866 - INFO - ✅ پردازش با موفقیت انجام شد!
2025-12-19 05:36:49,275 - INFO - فایل‌ها با موفقیت ساخته شدند!
2025-12-19 05:36:49,275 - INFO - ✅ پردازش با موفقیت انجام شد!
2025-12-19 05:51:22,242 - INFO - فایل‌ها با موفقیت ساخته شدند!
2025-12-19 05:51:22,242 - INFO - ✅ پردازش با موفقیت انجام شد!
2025-12-19 06:01:13,172 - INFO - فایل‌ها با موفقیت ساخته شدند!
2025-12-19 06:01:13,172 - INFO - ✅ پردازش با موفقیت انجام شد!
2025-12-19 06:44:50,667 - INFO - فایل‌ها با موفقیت ساخته شدند!
2025-12-19 06:44:50,667 - INFO - ✅ پردازش با موفقیت انجام شد!
2025-12-19 07:00:37,511 - INFO - فایل‌ها با موفقیت ساخته شدند!
2025-12-19 07:00:37,511 - INFO - ✅ پردازش با موفقیت انجام شد!
2025-12-19 07:29:50,445 - INFO - فایل‌ها با موفقیت ساخته شدند!
2025-12-19 07:29:50,445 - INFO - ✅ پردازش با موفقیت انجام شد!
2025-12-19 07:43:48,901 - INFO - فایل‌ها با موفقیت ساخته شدند!
2025-12-19 07:43:48,902 - INFO - ✅ پردازش با موفقیت انجام شد!
2025-12-19 07:53:14,018 - INFO - فایل‌ها با موفقیت ساخته شدند!
2025-12-19 07:53:14,019 - INFO - ✅ پردازش با موفقیت انجام شد!
2025-12-19 08:19:16,933 - INFO - فایل‌ها با موفقیت ساخته شدند!
2025-12-19 08:19:16,933 - INFO - ✅ پردازش با موفقیت انجام شد!
2025-12-19 08:47:44,958 - INFO - فایل‌ها با موفقیت ساخته شدند!
2025-12-19 08:47:44,958 - INFO - ✅ پردازش با موفقیت انجام شد!
2025-12-19 09:02:08,603 - INFO - فایل‌ها با موفقیت ساخته شدند!
2025-12-19 09:02:08,603 - INFO - ✅ پردازش با موفقیت انجام شد!
2025-12-19 09:33:42,929 - INFO - فایل‌ها با موفقیت ساخته شدند!
2025-12-19 09:33:42,929 - INFO - ✅ پردازش با موفقیت انجام شد!
2025-12-19 09:50:01,399 - INFO - فایل‌ها با موفقیت ساخته شدند!
2025-12-19 09:50:01,399 - INFO - ✅ پردازش با موفقیت انجام شد!
2025-12-19 09:59:09,768 - INFO - فایل‌ها با موفقیت ساخته شدند!
2025-12-19 09:59:09,768 - INFO - ✅ پردازش با موفقیت انجام شد!
2025-12-19 10:31:22,286 - INFO - فایل‌ها با موفقیت ساخته شدند!
2025-12-19 10:31:22,286 - INFO - ✅ پردازش با موفقیت انجام شد!
2025-12-19 10:50:45,754 - INFO - فایل‌ها با موفقیت ساخته شدند!
2025-12-19 10:50:45,754 - INFO - ✅ پردازش با موفقیت انجام شد!
2025-12-19 10:59:53,967 - INFO - فایل‌ها با موفقیت ساخته شدند!
2025-12-19 10:59:53,967 - INFO - ✅ پردازش با موفقیت انجام شد!
2025-12-19 11:25:57,416 - INFO - فایل‌ها با موفقیت ساخته شدند!
2025-12-19 11:25:57,416 - INFO - ✅ پردازش با موفقیت انجام شد!
2025-12-19 11:39:05,964 - INFO - فایل‌ها با موفقیت ساخته شدند!
2025-12-19 11:39:05,964 - INFO - ✅ پردازش با موفقیت انجام شد!
2025-12-19 11:49:13,979 - INFO - فایل‌ها با موفقیت ساخته شدند!
2025-12-19 11:49:13,980 - INFO - ✅ پردازش با موفقیت انجام شد!
2025-12-19 11:58:49,514 - INFO - فایل‌ها با موفقیت ساخته شدند!
2025-12-19 11:58:49,514 - INFO - ✅ پردازش با موفقیت انجام شد!
2025-12-19 12:55:08,158 - INFO - فایل‌ها با موفقیت ساخته شدند!
2025-12-19 12:55:08,158 - INFO - ✅ پردازش با موفقیت انجام شد!
2025-12-19 13:30:56,021 - INFO - فایل‌ها با موفقیت ساخته شدند!
2025-12-19 13:30:56,021 - INFO - ✅ پردازش با موفقیت انجام شد!
2025-12-19 13:51:51,906 - INFO - فایل‌ها با موفقیت ساخته شدند!
2025-12-19 13:51:51,906 - INFO - ✅ پردازش با موفقیت انجام شد!
2025-12-19 14:11:04,319 - INFO - فایل‌ها با موفقیت ساخته شدند!
2025-12-19 14:11:04,319 - INFO - ✅ پردازش با موفقیت انجام شد!
2025-12-19 14:36:37,828 - INFO - فایل‌ها با موفقیت ساخته شدند!
2025-12-19 14:36:37,828 - INFO - ✅ پردازش با موفقیت انجام شد!
2025-12-19 14:52:15,646 - INFO - فایل‌ها با موفقیت ساخته شدند!
2025-12-19 14:52:15,646 - INFO - ✅ پردازش با موفقیت انجام شد!
2025-12-19 15:11:44,671 - INFO - فایل‌ها با موفقیت ساخته شدند!
2025-12-19 15:11:44,671 - INFO - ✅ پردازش با موفقیت انجام شد!
2025-12-19 15:35:11,892 - INFO - فایل‌ها با موفقیت ساخته شدند!
2025-12-19 15:35:11,892 - INFO - ✅ پردازش با موفقیت انجام شد!
2025-12-19 15:50:28,109 - INFO - فایل‌ها با موفقیت ساخته شدند!
2025-12-19 15:50:28,109 - INFO - ✅ پردازش با موفقیت انجام شد!
2025-12-19 15:59:50,184 - INFO - فایل‌ها با موفقیت ساخته شدند!
2025-12-19 15:59:50,184 - INFO - ✅ پردازش با موفقیت انجام شد!
2025-12-19 16:36:24,086 - INFO - فایل‌ها با موفقیت ساخته شدند!
2025-12-19 16:36:24,086 - INFO - ✅ پردازش با موفقیت انجام شد!
2025-12-19 16:55:15,539 - INFO - فایل‌ها با موفقیت ساخته شدند!
2025-12-19 16:55:15,539 - INFO - ✅ پردازش با موفقیت انجام شد!
2025-12-19 17:16:47,203 - INFO - فایل‌ها با موفقیت ساخته شدند!
2025-12-19 17:16:47,203 - INFO - ✅ پردازش با موفقیت انجام شد!
2025-12-19 17:32:40,797 - INFO - فایل‌ها با موفقیت ساخته شدند!
2025-12-19 17:32:40,797 - INFO - ✅ پردازش با موفقیت انجام شد!
2025-12-19 17:42:33,209 - INFO - فایل‌ها با موفقیت ساخته شدند!
2025-12-19 17:42:33,209 - INFO - ✅ پردازش با موفقیت انجام شد!
2025-12-19 17:52:06,785 - INFO - فایل‌ها با موفقیت ساخته شدند!
2025-12-19 17:52:06,785 - INFO - ✅ پردازش با موفقیت انجام شد!
2025-12-19 18:15:19,718 - INFO - فایل‌ها با موفقیت ساخته شدند!
2025-12-19 18:15:19,718 - INFO - ✅ پردازش با موفقیت انجام شد!
2025-12-19 18:47:14,196 - INFO - فایل‌ها با موفقیت ساخته شدند!
2025-12-19 18:47:14,196 - INFO - ✅ پردازش با موفقیت انجام شد!
2025-12-19 19:00:42,001 - INFO - فایل‌ها با موفقیت ساخته شدند!
2025-12-19 19:00:42,001 - INFO - ✅ پردازش با موفقیت انجام شد!
2025-12-19 19:24:12,455 - INFO - فایل‌ها با موفقیت ساخته شدند!
2025-12-19 19:24:12,455 - INFO - ✅ پردازش با موفقیت انجام شد!
2025-12-19 19:36:12,312 - INFO - فایل‌ها با موفقیت ساخته شدند!
2025-12-19 19:36:12,312 - INFO - ✅ پردازش با موفقیت انجام شد!
2025-12-19 19:45:45,496 - INFO - فایل‌ها با موفقیت ساخته شدند!
2025-12-19 19:45:45,496 - INFO - ✅ پردازش با موفقیت انجام شد!
2025-12-19 19:54:57,729 - INFO - فایل‌ها با موفقیت ساخته شدند!
2025-12-19 19:54:57,729 - INFO - ✅ پردازش با موفقیت انجام شد!
2025-12-19 20:18:50,111 - INFO - فایل‌ها با موفقیت ساخته شدند!
2025-12-19 20:18:50,111 - INFO - ✅ پردازش با موفقیت انجام شد!
